<?xml version="1.0" encoding="UTF-8"?>
<testsuite name="Command line test" failures="0" tests="18" time="0.125" errors="0">
  <properties/>
  <testcase name="testHeaderWithCarriageReturn" time="0.016" classname="org.jboss.seam.test.mail.unit.HeaderTest"/>
  <testcase name="testHeaderWithLineFeed" time="0.0010" classname="org.jboss.seam.test.mail.unit.HeaderTest"/>
  <testcase name="testHeader" time="0.0" classname="org.jboss.seam.test.mail.unit.HeaderTest"/>
  <testcase name="testHeaderWithCarrigeReturnLineBreak" time="0.0" classname="org.jboss.seam.test.mail.unit.HeaderTest"/>
  <testcase name="testHeaderWithFolding2" time="0.0" classname="org.jboss.seam.test.mail.unit.HeaderTest"/>
  <testcase name="testHeaderWithFolding3" time="0.0" classname="org.jboss.seam.test.mail.unit.HeaderTest"/>
  <testcase name="testHeaderWithFolding1" time="0.0" classname="org.jboss.seam.test.mail.unit.HeaderTest"/>
  <testcase name="testAdminMeldwareUser" time="0.0020" classname="org.jboss.seam.test.unit.MailTest"/>
  <testcase name="testAuthenticatedSslMailSession" time="0.021" classname="org.jboss.seam.test.unit.MailTest"/>
  <testcase name="testMeldwareUser" time="0.0" classname="org.jboss.seam.test.unit.MailTest"/>
  <testcase name="testMailSession" time="0.025" classname="org.jboss.seam.test.unit.MailTest"/>
  <testcase name="testMissingUsernameMailSession" time="0.01" classname="org.jboss.seam.test.unit.MailTest"/>
  <testcase name="testBasicSslMailSession" time="0.0070" classname="org.jboss.seam.test.unit.MailTest"/>
  <testcase name="testMissingPasswordMailSession" time="0.0030" classname="org.jboss.seam.test.unit.MailTest"/>
  <testcase name="testSslMailSession" time="0.0030" classname="org.jboss.seam.test.unit.MailTest"/>
  <testcase name="testAuthenticatedMailSession" time="0.0020" classname="org.jboss.seam.test.unit.MailTest"/>
  <testcase name="testBasicMailSession" time="0.0020" classname="org.jboss.seam.test.unit.MailTest"/>
  <testcase name="testJndiMailSession" time="0.0" classname="org.jboss.seam.test.unit.MailTest"/>
</testsuite>
