<?xml version="1.0" encoding="UTF-8" ?>
<testsuite failures="0" time="1.839" errors="0" skipped="0" tests="13" name="TestSuite">
  <properties>
[...]
</properties>
  <testcase time="0.004" classname="org.jboss.seam.test.unit.RemotingTest" name="testNullWrapper"/>
  <testcase time="0.016" classname="org.jboss.seam.test.unit.RemotingTest" name="testWrapperFactory"/>
  <testcase time="0.017" classname="org.jboss.seam.test.unit.RemotingTest" name="testBooleanWrapper"/>
  <testcase time="0.001" classname="org.jboss.seam.test.unit.RemotingTest" name="testNumberWrapper"/>
  <testcase time="0.009" classname="org.jboss.seam.test.unit.RemotingTest" name="testInterfaceGenerator"/>
  <testcase time="0" classname="org.jboss.seam.test.unit.RemotingTest" name="testConversionScore"/>
  <testcase time="0.005" classname="org.jboss.seam.test.unit.RemotingTest" name="testDateWrapper"/>
  <testcase time="0.005" classname="org.jboss.seam.test.unit.RemotingTest" name="testBagWrapper"/>
  <testcase time="0.029" classname="org.jboss.seam.test.unit.RemotingTest" name="testMapWrapper"/>
  <testcase time="0.001" classname="org.jboss.seam.test.unit.RemotingTest" name="testBaseWrapper"/>
  <testcase time="0.002" classname="org.jboss.seam.test.unit.RemotingTest" name="testStringWrapper"/>
  <testcase time="0" classname="org.jboss.seam.test.unit.RemotingTest" name="testBeanWrapper"/>
  <testcase time="1.538" classname="org.jboss.seam.test.unit.RemotingTest" name="testConstraints"/>
</testsuite>