<?xml version="1.0" encoding="UTF-8" ?>
<testsuite failures="4" time="6.485" errors="0" skipped="0" tests="93" name="TestSuite">
  <properties>
[...]
</properties>
  <testcase time="0.024" classname="org.jboss.seam.test.unit.ComponentTest" name="testComponent"/>
  <testcase time="0" classname="org.jboss.seam.test.unit.ComponentTest" name="testStaticMethods"/>
  <testcase time="0.068" classname="org.jboss.seam.test.unit.ContextTest" name="testContextManagement"/>
  <testcase time="0.005" classname="org.jboss.seam.test.unit.ContextTest" name="testContexts"/>
  <testcase time="0.003" classname="org.jboss.seam.test.unit.DependencyTest" name="testOverride2"/>
  <testcase time="0.001" classname="org.jboss.seam.test.unit.DependencyTest" name="testClassDependency"/>
  <testcase time="0" classname="org.jboss.seam.test.unit.DependencyTest" name="testNoDependencies"/>
  <testcase time="0" classname="org.jboss.seam.test.unit.DependencyTest" name="testNoComponents"/>
  <testcase time="0" classname="org.jboss.seam.test.unit.DependencyTest" name="testCircularDependency"/>
  <testcase time="0" classname="org.jboss.seam.test.unit.DependencyTest" name="testDependency"/>
  <testcase time="0" classname="org.jboss.seam.test.unit.DependencyTest" name="testComponentByClassDependency"/>
  <testcase time="0" classname="org.jboss.seam.test.unit.DependencyTest" name="testUnmetDueToOverride"/>
  <testcase time="0" classname="org.jboss.seam.test.unit.DependencyTest" name="testOverride"/>
  <testcase time="0" classname="org.jboss.seam.test.unit.DependencyTest" name="testNotInstalled"/>
  <testcase time="0.066" classname="org.jboss.seam.test.unit.ExpressionsTest" name="testExpressionResolvedInFacesELContext"/>
  <testcase time="0.003" classname="org.jboss.seam.test.unit.HomeTest" name="testGetEntityClassOverride"/>
  <testcase time="0.004" classname="org.jboss.seam.test.unit.HomeTest" name="testReadEntityClassFromTypeParameter"/>
  <testcase time="0" classname="org.jboss.seam.test.unit.HomeTest" name="testCreateInstance"/>
  <testcase time="0.428" classname="org.jboss.seam.test.unit.InitializationTest" name="testInitialization"/>
  <testcase time="0.303" classname="org.jboss.seam.test.unit.InitializationTest" name="testEntityHomeConfiguration"/>
  <testcase time="0.215" classname="org.jboss.seam.test.unit.InitializationTest" name="testEnumPropertyAssignment"/>
  <testcase time="0.01" classname="org.jboss.seam.test.unit.InterceptorTest" name="testConversationInterceptor"/>
  <testcase time="0.005" classname="org.jboss.seam.test.unit.InterceptorTest" name="testCyclicDependencyThowsException"/>
  <testcase time="0.011" classname="org.jboss.seam.test.unit.InterceptorTest" name="testValidationInterceptor"/>
  <testcase time="0.003" classname="org.jboss.seam.test.unit.InterceptorTest" name="testConversationalInterceptor"/>
  <testcase time="0.026" classname="org.jboss.seam.test.unit.InterceptorTest" name="testReentrantBijection"/>
  <testcase time="0.003" classname="org.jboss.seam.test.unit.InterceptorTest" name="testRemoveInterceptor"/>
  <testcase time="0.008" classname="org.jboss.seam.test.unit.InterceptorTest" name="testBijectionInterceptor"/>
  <testcase time="0.013" classname="org.jboss.seam.test.unit.InterpolatorTest" name="testInterpolation"/>
  <testcase time="0.001" classname="org.jboss.seam.test.unit.MailTest" name="testMeldwareUser"/>
  <testcase time="0.034" classname="org.jboss.seam.test.unit.MailTest" name="testAuthenticatedMailSession"/>
  <testcase time="0.019" classname="org.jboss.seam.test.unit.MailTest" name="testMailSession"/>
  <testcase time="0.002" classname="org.jboss.seam.test.unit.MailTest" name="testBasicSslMailSession"/>
  <testcase time="0.001" classname="org.jboss.seam.test.unit.MailTest" name="testBasicMailSession"/>
  <testcase time="0.037" classname="org.jboss.seam.test.unit.MailTest" name="testJndiMailSession"/>
  <testcase time="0.002" classname="org.jboss.seam.test.unit.MailTest" name="testMissingUsernameMailSession"/>
  <testcase time="0" classname="org.jboss.seam.test.unit.MailTest" name="testAdminMeldwareUser"/>
  <testcase time="0.002" classname="org.jboss.seam.test.unit.MailTest" name="testAuthenticatedSslMailSession"/>
  <testcase time="0.002" classname="org.jboss.seam.test.unit.MailTest" name="testMissingPasswordMailSession"/>
  <testcase time="0.002" classname="org.jboss.seam.test.unit.MailTest" name="testSslMailSession"/>
  <testcase time="0.007" classname="org.jboss.seam.test.unit.PageActionsTest" name="testShortCircuitOnNonNullOutcome"/>
  <testcase time="0.001" classname="org.jboss.seam.test.unit.PageActionsTest" name="testShortCircuitOnNonNullOutcomeToSamePage"/>
  <testcase time="0.001" classname="org.jboss.seam.test.unit.PageActionsTest" name="testShortCircuitOnNonNullOutcomeWithRedirect"/>
  <testcase time="0.001" classname="org.jboss.seam.test.unit.PageActionsTest" name="testShortCircuitOnNullOutcome"/>
  <testcase time="0.001" classname="org.jboss.seam.test.unit.PageActionsTest" name="testShortCircuitInMiddle"/>
  <testcase time="0.001" classname="org.jboss.seam.test.unit.PageActionsTest" name="testPostbackConditionOnPageAction"/>
  <testcase time="0.001" classname="org.jboss.seam.test.unit.PageConversationControlTest" name="testBeginAndEndRootConversation"/>
  <testcase time="0" classname="org.jboss.seam.test.unit.PageConversationControlTest" name="testBeginNestedAndEndRootConversation"/>
  <testcase time="0.001" classname="org.jboss.seam.test.unit.PageConversationControlTest" name="testBeginNestedAndEndConversation"/>
  <testcase time="0.001" classname="org.jboss.seam.test.unit.PageDescriptorTest" name="testHasDescription"/>
  <testcase time="0" classname="org.jboss.seam.test.unit.PageDescriptorTest" name="testSwitchEnabledFlag"/>
  <testcase time="0" classname="org.jboss.seam.test.unit.PageDescriptorTest" name="testGetAndResolveDescription"/>
  <testcase time="0.005" classname="org.jboss.seam.test.unit.PageParamTest" name="testGetCallActionEscaped"/>
  <testcase time="0.001" classname="org.jboss.seam.test.unit.PageParamTest" name="testGetCallAction"/>
  <testcase time="0.028" classname="org.jboss.seam.test.unit.PageParamTest" name="testDateConverter"/>
  <testcase time="0" classname="org.jboss.seam.test.unit.PageParamTest" name="testValidateModelDisabled"/>
  <testcase time="0" classname="org.jboss.seam.test.unit.PageParamTest" name="testGetConverterById"/>
  <testcase time="0" classname="org.jboss.seam.test.unit.PageParamTest" name="testConverterIsNullForNonFacesValueExpression"/>
  <testcase time="0.046" classname="org.jboss.seam.test.unit.PageParamTest" name="testValidateModelWithInvalidValue">
    <failure message="org/slf4j/impl/StaticLoggerBinder" type="java.lang.NoClassDefFoundError">java.lang.NoClassDefFoundError: org/slf4j/impl/StaticLoggerBinder
	at org.slf4j.LoggerFactory.&lt;clinit&gt;(LoggerFactory.java:60)
	at org.hibernate.validator.ClassValidator.&lt;clinit&gt;(ClassValidator.java:53)
	at org.jboss.seam.core.Validators.createValidator(Validators.java:120)
	at org.jboss.seam.core.Validators.getValidator(Validators.java:103)
	at org.jboss.seam.core.Validators.getValidator(Validators.java:86)
	at org.jboss.seam.core.Validators$ValidatingResolver.setValue(Validators.java:191)
	at org.jboss.el.parser.AstPropertySuffix.setValue(AstPropertySuffix.java:73)
	at org.jboss.el.parser.AstValue.setValue(AstValue.java:84)
	at org.jboss.el.ValueExpressionImpl.setValue(ValueExpressionImpl.java:249)
	at org.jboss.seam.core.Validators.validate(Validators.java:136)
	at org.jboss.seam.navigation.Param.validateConvertedValue(Param.java:260)
	at org.jboss.seam.test.unit.PageParamTest.testValidateModelWithInvalidValue(PageParamTest.java:96)
Caused by: java.lang.ClassNotFoundException: org.slf4j.impl.StaticLoggerBinder
	at java.net.URLClassLoader$1.run(URLClassLoader.java:202)
	at java.security.AccessController.doPrivileged(Native Method)
	at java.net.URLClassLoader.findClass(URLClassLoader.java:190)
	at java.lang.ClassLoader.loadClass(ClassLoader.java:307)
	at sun.misc.Launcher$AppClassLoader.loadClass(Launcher.java:301)
	at java.lang.ClassLoader.loadClass(ClassLoader.java:248)
	... 41 more
</failure>
    <system-err>SLF4J: Failed to load class &quot;org.slf4j.impl.StaticLoggerBinder&quot;.
SLF4J: See http://www.slf4j.org/codes.html#StaticLoggerBinder for further details.
</system-err>
  </testcase>
  <testcase time="0.001" classname="org.jboss.seam.test.unit.PageParamTest" name="testGetValidatorById"/>
  <testcase time="0.002" classname="org.jboss.seam.test.unit.PageParamTest" name="testValidateModelWithValidValue">
    <failure message="Could not initialize class org.hibernate.validator.ClassValidator" type="java.lang.NoClassDefFoundError">java.lang.NoClassDefFoundError: Could not initialize class org.hibernate.validator.ClassValidator
	at org.jboss.seam.core.Validators.createValidator(Validators.java:120)
	at org.jboss.seam.core.Validators.getValidator(Validators.java:103)
	at org.jboss.seam.core.Validators.getValidator(Validators.java:86)
	at org.jboss.seam.core.Validators$ValidatingResolver.setValue(Validators.java:191)
	at org.jboss.el.parser.AstPropertySuffix.setValue(AstPropertySuffix.java:73)
	at org.jboss.el.parser.AstValue.setValue(AstValue.java:84)
	at org.jboss.el.ValueExpressionImpl.setValue(ValueExpressionImpl.java:249)
	at org.jboss.seam.core.Validators.validate(Validators.java:136)
	at org.jboss.seam.navigation.Param.validateConvertedValue(Param.java:260)
	at org.jboss.seam.test.unit.PageParamTest.testValidateModelWithValidValue(PageParamTest.java:102)
</failure>
  </testcase>
  <testcase time="0.474" classname="org.jboss.seam.test.unit.PageflowConfigurationTest" name="testOne">
    <failure message="Could not initialize class org.slf4j.LoggerFactory" type="java.lang.NoClassDefFoundError">java.lang.NoClassDefFoundError: Could not initialize class org.slf4j.LoggerFactory
	at org.hibernate.cfg.Configuration.&lt;clinit&gt;(Configuration.java:151)
	at org.jbpm.db.hibernate.HibernateHelper.createConfiguration(HibernateHelper.java:84)
	at org.jbpm.persistence.db.DbPersistenceServiceFactory.getConfiguration(DbPersistenceServiceFactory.java:69)
	at org.jbpm.persistence.db.DbPersistenceServiceFactory.getSessionFactory(DbPersistenceServiceFactory.java:97)
	at org.jbpm.persistence.db.DbPersistenceService.getSessionFactory(DbPersistenceService.java:94)
	at org.jbpm.persistence.db.DbPersistenceService.getSession(DbPersistenceService.java:99)
	at org.jbpm.persistence.db.DbPersistenceService.getJobSession(DbPersistenceService.java:346)
	at org.jbpm.JbpmContext.getJobSession(JbpmContext.java:610)
	at org.jbpm.msg.db.DbMessageService.&lt;init&gt;(DbMessageService.java:43)
	at org.jbpm.msg.db.DbMessageServiceFactory.openService(DbMessageServiceFactory.java:32)
	at org.jbpm.svc.Services.getService(Services.java:149)
	at org.jbpm.svc.Services.getMessageService(Services.java:182)
	at org.jbpm.graph.exe.ProcessInstance.end(ProcessInstance.java:354)
	at org.jbpm.graph.exe.Token.notifyParentOfTokenEnd(Token.java:343)
	at org.jbpm.graph.exe.Token.end(Token.java:316)
	at org.jbpm.graph.exe.Token.end(Token.java:264)
	at org.jbpm.graph.node.EndState.execute(EndState.java:76)
	at org.jbpm.graph.def.Node.enter(Node.java:381)
	at org.jbpm.graph.def.Transition.take(Transition.java:162)
	at org.jbpm.graph.def.Node.leave(Node.java:450)
	at org.jbpm.graph.exe.Token.signal(Token.java:208)
	at org.jbpm.graph.exe.Token.signal(Token.java:142)
	at org.jbpm.graph.exe.ProcessInstance.signal(ProcessInstance.java:293)
	at org.jboss.seam.test.unit.PageflowConfigurationTest.testOne(PageflowConfigurationTest.java:31)
</failure>
  </testcase>
  <testcase time="0.068" classname="org.jboss.seam.test.unit.PageflowTest" name="testPageflowWithStartPage"/>
  <testcase time="0.076" classname="org.jboss.seam.test.unit.PageflowTest" name="testPageflowWithStartState"/>
  <testcase time="0.164" classname="org.jboss.seam.test.unit.PageflowTest" name="testOrderPageflow">
    <failure message="Could not initialize class org.hibernate.cfg.Configuration" type="java.lang.NoClassDefFoundError">java.lang.NoClassDefFoundError: Could not initialize class org.hibernate.cfg.Configuration
	at org.jbpm.db.hibernate.HibernateHelper.createConfiguration(HibernateHelper.java:84)
	at org.jbpm.persistence.db.DbPersistenceServiceFactory.getConfiguration(DbPersistenceServiceFactory.java:69)
	at org.jbpm.persistence.db.DbPersistenceServiceFactory.getSessionFactory(DbPersistenceServiceFactory.java:97)
	at org.jbpm.persistence.db.DbPersistenceService.getSessionFactory(DbPersistenceService.java:94)
	at org.jbpm.persistence.db.DbPersistenceService.getSession(DbPersistenceService.java:99)
	at org.jbpm.persistence.db.DbPersistenceService.assignId(DbPersistenceService.java:317)
	at org.jbpm.svc.Services.assignId(Services.java:266)
	at org.jbpm.graph.exe.Token.&lt;init&gt;(Token.java:100)
	at org.jbpm.graph.exe.ProcessInstance.&lt;init&gt;(ProcessInstance.java:133)
	at org.jbpm.graph.exe.ProcessInstance.&lt;init&gt;(ProcessInstance.java:94)
	at org.jboss.seam.test.unit.PageflowTest.testOrderPageflow(PageflowTest.java:103)
</failure>
  </testcase>
  <testcase time="0.055" classname="org.jboss.seam.test.unit.PageflowTest" name="testPageflowWithStartPageAttribute"/>
  <testcase time="0.007" classname="org.jboss.seam.test.unit.PasswordHashTest" name="testMd5Hash"/>
  <testcase time="0" classname="org.jboss.seam.test.unit.PasswordHashTest" name="testShaHash"/>
  <testcase time="0.03" classname="org.jboss.seam.test.unit.PhaseListenerTest" name="testSeamPhaseListenerNewLongRunning"/>
  <testcase time="0.003" classname="org.jboss.seam.test.unit.PhaseListenerTest" name="testSeamPhaseListenerRedirect"/>
  <testcase time="0.013" classname="org.jboss.seam.test.unit.PhaseListenerTest" name="testSeamPhaseListenerNonFacesRequest"/>
  <testcase time="0.003" classname="org.jboss.seam.test.unit.PhaseListenerTest" name="testSeamPhaseListener"/>
  <testcase time="0.004" classname="org.jboss.seam.test.unit.PhaseListenerTest" name="testSeamPhaseListenerLongRunning"/>
  <testcase time="0.023" classname="org.jboss.seam.test.unit.QueryTest" name="testCountQuery"/>
  <testcase time="0.001" classname="org.jboss.seam.test.unit.bpm.ActorTest" name="testActorDirtyChecking"/>
  <testcase time="0.065" classname="org.jboss.seam.test.unit.bpm.JbpmTest" name="testGetPageflowDefinitionFromXml"/>
  <testcase time="0.05" classname="org.jboss.seam.test.unit.bpm.JbpmTest" name="testGetProcessDefinitionFromXml"/>
  <testcase time="0.009" classname="org.jboss.seam.test.unit.bpm.TaskListTest" name="emptyPooledTaskListIfNoGroupActorIds"/>
  <testcase time="0.005" classname="org.jboss.seam.test.unit.web.ConditionalRequestTest" name="testModifiedOnlyETag"/>
  <testcase time="0" classname="org.jboss.seam.test.unit.web.ConditionalRequestTest" name="testNotModifiedOnlyETag"/>
  <testcase time="0.001" classname="org.jboss.seam.test.unit.web.ConditionalRequestTest" name="testNotModifiedETagLastModified"/>
  <testcase time="0" classname="org.jboss.seam.test.unit.web.ConditionalRequestTest" name="testModifiedOnlyLastModified"/>
  <testcase time="0" classname="org.jboss.seam.test.unit.web.ConditionalRequestTest" name="testModifiedETagLastModified"/>
  <testcase time="0.001" classname="org.jboss.seam.test.unit.web.ConditionalRequestTest" name="testNotModifiedOnlyLastModified"/>
  <testcase time="0.002" classname="org.jboss.seam.test.unit.web.IdentityRequestWrapperTest" name="testWithSeamSecurityEnabled"/>
  <testcase time="0" classname="org.jboss.seam.test.unit.web.IdentityRequestWrapperTest" name="testWithSeamSecurityDisabled"/>
  <testcase time="0.005" classname="org.jboss.seam.test.unit.web.MultipartRequestTest" name="testMultipartRequest"/>
  <testcase time="0.002" classname="org.jboss.seam.test.unit.web.RewriteTest" name="testBasicInPattern"/>
  <testcase time="0.001" classname="org.jboss.seam.test.unit.web.RewriteTest" name="testBasicOutPattern"/>
  <testcase time="0.001" classname="org.jboss.seam.test.unit.web.RewriteTest" name="testSingleArgOutPattern"/>
  <testcase time="0" classname="org.jboss.seam.test.unit.web.RewriteTest" name="testMultiArgInPattern"/>
  <testcase time="0.001" classname="org.jboss.seam.test.unit.web.RewriteTest" name="testSingleArgInPattern"/>
  <testcase time="0" classname="org.jboss.seam.test.unit.web.RewriteTest" name="testMultiArgOutPattern"/>
</testsuite>