-------------------------------------------------------------------------------
Test set: TestSuite
-------------------------------------------------------------------------------
Tests run: 93, Failures: 4, Errors: 0, Skipped: 0, Time elapsed: 6.498 sec <<< FAILURE!
testValidateModelWithInvalidValue(org.jboss.seam.test.unit.PageParamTest)  Time elapsed: 0.047 sec  <<< FAILURE!
java.lang.NoClassDefFoundError: org/slf4j/impl/StaticLoggerBinder
	at org.slf4j.LoggerFactory.<clinit>(LoggerFactory.java:60)
	at org.hibernate.validator.ClassValidator.<clinit>(ClassValidator.java:53)
	at org.jboss.seam.core.Validators.createValidator(Validators.java:120)
	at org.jboss.seam.core.Validators.getValidator(Validators.java:103)
	at org.jboss.seam.core.Validators.getValidator(Validators.java:86)
	at org.jboss.seam.core.Validators$ValidatingResolver.setValue(Validators.java:191)
	at org.jboss.el.parser.AstPropertySuffix.setValue(AstPropertySuffix.java:73)
	at org.jboss.el.parser.AstValue.setValue(AstValue.java:84)
	at org.jboss.el.ValueExpressionImpl.setValue(ValueExpressionImpl.java:249)
	at org.jboss.seam.core.Validators.validate(Validators.java:136)
	at org.jboss.seam.navigation.Param.validateConvertedValue(Param.java:260)
	at org.jboss.seam.test.unit.PageParamTest.testValidateModelWithInvalidValue(PageParamTest.java:96)
Caused by: java.lang.ClassNotFoundException: org.slf4j.impl.StaticLoggerBinder
	at java.net.URLClassLoader$1.run(URLClassLoader.java:202)
	at java.security.AccessController.doPrivileged(Native Method)
	at java.net.URLClassLoader.findClass(URLClassLoader.java:190)
	at java.lang.ClassLoader.loadClass(ClassLoader.java:307)
	at sun.misc.Launcher$AppClassLoader.loadClass(Launcher.java:301)
	at java.lang.ClassLoader.loadClass(ClassLoader.java:248)
	... 41 more

testValidateModelWithValidValue(org.jboss.seam.test.unit.PageParamTest)  Time elapsed: 0.002 sec  <<< FAILURE!
java.lang.NoClassDefFoundError: Could not initialize class org.hibernate.validator.ClassValidator
	at org.jboss.seam.core.Validators.createValidator(Validators.java:120)
	at org.jboss.seam.core.Validators.getValidator(Validators.java:103)
	at org.jboss.seam.core.Validators.getValidator(Validators.java:86)
	at org.jboss.seam.core.Validators$ValidatingResolver.setValue(Validators.java:191)
	at org.jboss.el.parser.AstPropertySuffix.setValue(AstPropertySuffix.java:73)
	at org.jboss.el.parser.AstValue.setValue(AstValue.java:84)
	at org.jboss.el.ValueExpressionImpl.setValue(ValueExpressionImpl.java:249)
	at org.jboss.seam.core.Validators.validate(Validators.java:136)
	at org.jboss.seam.navigation.Param.validateConvertedValue(Param.java:260)
	at org.jboss.seam.test.unit.PageParamTest.testValidateModelWithValidValue(PageParamTest.java:102)

testOne(org.jboss.seam.test.unit.PageflowConfigurationTest)  Time elapsed: 0.475 sec  <<< FAILURE!
java.lang.NoClassDefFoundError: Could not initialize class org.slf4j.LoggerFactory
	at org.hibernate.cfg.Configuration.<clinit>(Configuration.java:151)
	at org.jbpm.db.hibernate.HibernateHelper.createConfiguration(HibernateHelper.java:84)
	at org.jbpm.persistence.db.DbPersistenceServiceFactory.getConfiguration(DbPersistenceServiceFactory.java:69)
	at org.jbpm.persistence.db.DbPersistenceServiceFactory.getSessionFactory(DbPersistenceServiceFactory.java:97)
	at org.jbpm.persistence.db.DbPersistenceService.getSessionFactory(DbPersistenceService.java:94)
	at org.jbpm.persistence.db.DbPersistenceService.getSession(DbPersistenceService.java:99)
	at org.jbpm.persistence.db.DbPersistenceService.getJobSession(DbPersistenceService.java:346)
	at org.jbpm.JbpmContext.getJobSession(JbpmContext.java:610)
	at org.jbpm.msg.db.DbMessageService.<init>(DbMessageService.java:43)
	at org.jbpm.msg.db.DbMessageServiceFactory.openService(DbMessageServiceFactory.java:32)
	at org.jbpm.svc.Services.getService(Services.java:149)
	at org.jbpm.svc.Services.getMessageService(Services.java:182)
	at org.jbpm.graph.exe.ProcessInstance.end(ProcessInstance.java:354)
	at org.jbpm.graph.exe.Token.notifyParentOfTokenEnd(Token.java:343)
	at org.jbpm.graph.exe.Token.end(Token.java:316)
	at org.jbpm.graph.exe.Token.end(Token.java:264)
	at org.jbpm.graph.node.EndState.execute(EndState.java:76)
	at org.jbpm.graph.def.Node.enter(Node.java:381)
	at org.jbpm.graph.def.Transition.take(Transition.java:162)
	at org.jbpm.graph.def.Node.leave(Node.java:450)
	at org.jbpm.graph.exe.Token.signal(Token.java:208)
	at org.jbpm.graph.exe.Token.signal(Token.java:142)
	at org.jbpm.graph.exe.ProcessInstance.signal(ProcessInstance.java:293)
	at org.jboss.seam.test.unit.PageflowConfigurationTest.testOne(PageflowConfigurationTest.java:31)

testOrderPageflow(org.jboss.seam.test.unit.PageflowTest)  Time elapsed: 0.165 sec  <<< FAILURE!
java.lang.NoClassDefFoundError: Could not initialize class org.hibernate.cfg.Configuration
	at org.jbpm.db.hibernate.HibernateHelper.createConfiguration(HibernateHelper.java:84)
	at org.jbpm.persistence.db.DbPersistenceServiceFactory.getConfiguration(DbPersistenceServiceFactory.java:69)
	at org.jbpm.persistence.db.DbPersistenceServiceFactory.getSessionFactory(DbPersistenceServiceFactory.java:97)
	at org.jbpm.persistence.db.DbPersistenceService.getSessionFactory(DbPersistenceService.java:94)
	at org.jbpm.persistence.db.DbPersistenceService.getSession(DbPersistenceService.java:99)
	at org.jbpm.persistence.db.DbPersistenceService.assignId(DbPersistenceService.java:317)
	at org.jbpm.svc.Services.assignId(Services.java:266)
	at org.jbpm.graph.exe.Token.<init>(Token.java:100)
	at org.jbpm.graph.exe.ProcessInstance.<init>(ProcessInstance.java:133)
	at org.jbpm.graph.exe.ProcessInstance.<init>(ProcessInstance.java:94)
	at org.jboss.seam.test.unit.PageflowTest.testOrderPageflow(PageflowTest.java:103)

