<testng-results>
  <reporter-output>
  </reporter-output>
  <suite name="Default suite" duration-ms="582" started-at="2010-12-31T00:40:14Z" finished-at="2010-12-31T00:40:14Z">
    <groups>
    </groups>
    <test name="Default test" duration-ms="582" started-at="2010-12-31T00:40:14Z" finished-at="2010-12-31T00:40:14Z">
      <class name="org.jboss.seam.test.unit.PageflowConfigurationTest">
        <test-method status="FAIL" signature="testOne()" name="testOne" duration-ms="560" started-at="2010-12-31T00:40:14Z" finished-at="2010-12-31T00:40:14Z">
          <exception class="org.hibernate.HibernateException">
            <message>
              <![CDATA[hibernate.cfg.xml not found]]>
            </message>
            <full-stacktrace>
              <![CDATA[org.hibernate.HibernateException: hibernate.cfg.xml not found
	at org.hibernate.util.ConfigHelper.getResourceAsStream(ConfigHelper.java:170)
	at org.hibernate.cfg.Configuration.getConfigurationInputStream(Configuration.java:1439)
	at org.hibernate.cfg.Configuration.configure(Configuration.java:1461)
	at org.jbpm.db.hibernate.HibernateHelper.createConfiguration(HibernateHelper.java:89)
	at org.jbpm.persistence.db.DbPersistenceServiceFactory.getConfiguration(DbPersistenceServiceFactory.java:69)
	at org.jbpm.persistence.db.DbPersistenceServiceFactory.getSessionFactory(DbPersistenceServiceFactory.java:97)
	at org.jbpm.persistence.db.DbPersistenceService.getSessionFactory(DbPersistenceService.java:94)
	at org.jbpm.persistence.db.DbPersistenceService.getSession(DbPersistenceService.java:99)
	at org.jbpm.persistence.db.DbPersistenceService.getJobSession(DbPersistenceService.java:346)
	at org.jbpm.JbpmContext.getJobSession(JbpmContext.java:610)
	at org.jbpm.msg.db.DbMessageService.<init>(DbMessageService.java:43)
	at org.jbpm.msg.db.DbMessageServiceFactory.openService(DbMessageServiceFactory.java:32)
	at org.jbpm.svc.Services.getService(Services.java:149)
	at org.jbpm.svc.Services.getMessageService(Services.java:182)
	at org.jbpm.graph.exe.ProcessInstance.end(ProcessInstance.java:354)
	at org.jbpm.graph.exe.Token.notifyParentOfTokenEnd(Token.java:343)
	at org.jbpm.graph.exe.Token.end(Token.java:316)
	at org.jbpm.graph.exe.Token.end(Token.java:264)
	at org.jbpm.graph.node.EndState.execute(EndState.java:76)
	at org.jbpm.graph.def.Node.enter(Node.java:381)
	at org.jbpm.graph.def.Transition.take(Transition.java:162)
	at org.jbpm.graph.def.Node.leave(Node.java:450)
	at org.jbpm.graph.exe.Token.signal(Token.java:208)
	at org.jbpm.graph.exe.Token.signal(Token.java:142)
	at org.jbpm.graph.exe.ProcessInstance.signal(ProcessInstance.java:293)
	at org.jboss.seam.test.unit.PageflowConfigurationTest.testOne(PageflowConfigurationTest.java:31)
	at sun.reflect.NativeMethodAccessorImpl.invoke0(Native Method)
	at sun.reflect.NativeMethodAccessorImpl.invoke(NativeMethodAccessorImpl.java:39)
	at sun.reflect.DelegatingMethodAccessorImpl.invoke(DelegatingMethodAccessorImpl.java:25)
	at java.lang.reflect.Method.invoke(Method.java:597)
	at org.testng.internal.MethodInvocationHelper.invokeMethod(MethodInvocationHelper.java:74)
	at org.testng.internal.Invoker.invokeMethod(Invoker.java:675)
	at org.testng.internal.Invoker.invokeTestMethod(Invoker.java:848)
	at org.testng.internal.Invoker.invokeTestMethods(Invoker.java:1170)
	at org.testng.internal.TestMethodWorker.invokeTestMethods(TestMethodWorker.java:125)
	at org.testng.internal.TestMethodWorker.run(TestMethodWorker.java:109)
	at org.testng.TestRunner.runWorkers(TestRunner.java:1119)
	at org.testng.TestRunner.privateRun(TestRunner.java:744)
	at org.testng.TestRunner.run(TestRunner.java:600)
	at org.testng.SuiteRunner.runTest(SuiteRunner.java:315)
	at org.testng.SuiteRunner.runSequentially(SuiteRunner.java:310)
	at org.testng.SuiteRunner.privateRun(SuiteRunner.java:272)
	at org.testng.SuiteRunner.run(SuiteRunner.java:221)
	at org.testng.SuiteRunnerWorker.runSuite(SuiteRunnerWorker.java:52)
	at org.testng.SuiteRunnerWorker.run(SuiteRunnerWorker.java:86)
	at org.testng.TestNG.runSuitesSequentially(TestNG.java:945)
	at org.testng.TestNG.runSuitesLocally(TestNG.java:884)
	at org.testng.TestNG.run(TestNG.java:818)
	at org.testng.remote.RemoteTestNG.run(RemoteTestNG.java:96)
	at org.testng.remote.RemoteTestNG.main(RemoteTestNG.java:179)
]]>
            </full-stacktrace>
          </exception>
        </test-method>
      </class>
    </test>
  </suite>
</testng-results>
