<testng-results>
  <reporter-output>
  </reporter-output>
  <suite name="Command line suite">
    <groups>
    </groups>
    <test name="Command line test">
      <class name="org.jboss.seam.test.unit.MailTest">
        <test-method status="PASS" signature="testJndiMailSession()" name="testJndiMailSession" duration-ms="0" started-at="2011-01-02T17:55:44Z" finished-at="2011-01-02T17:55:44Z">
        </test-method>
        <test-method status="PASS" signature="testAuthenticatedSslMailSession()" name="testAuthenticatedSslMailSession" duration-ms="21" started-at="2011-01-02T17:55:44Z" finished-at="2011-01-02T17:55:44Z">
        </test-method>
        <test-method status="PASS" signature="testBasicMailSession()" name="testBasicMailSession" duration-ms="2" started-at="2011-01-02T17:55:44Z" finished-at="2011-01-02T17:55:44Z">
        </test-method>
        <test-method status="PASS" signature="testBasicSslMailSession()" name="testBasicSslMailSession" duration-ms="7" started-at="2011-01-02T17:55:44Z" finished-at="2011-01-02T17:55:44Z">
        </test-method>
        <test-method status="PASS" signature="testMissingPasswordMailSession()" name="testMissingPasswordMailSession" duration-ms="3" started-at="2011-01-02T17:55:44Z" finished-at="2011-01-02T17:55:44Z">
        </test-method>
        <test-method status="PASS" signature="testAdminMeldwareUser()" name="testAdminMeldwareUser" duration-ms="2" started-at="2011-01-02T17:55:44Z" finished-at="2011-01-02T17:55:44Z">
        </test-method>
        <test-method status="PASS" signature="testMailSession()" name="testMailSession" duration-ms="25" started-at="2011-01-02T17:55:44Z" finished-at="2011-01-02T17:55:44Z">
        </test-method>
        <test-method status="PASS" signature="testAuthenticatedMailSession()" name="testAuthenticatedMailSession" duration-ms="2" started-at="2011-01-02T17:55:44Z" finished-at="2011-01-02T17:55:44Z">
        </test-method>
        <test-method status="PASS" signature="testMeldwareUser()" name="testMeldwareUser" duration-ms="0" started-at="2011-01-02T17:55:44Z" finished-at="2011-01-02T17:55:44Z">
        </test-method>
        <test-method status="PASS" signature="testMissingUsernameMailSession()" name="testMissingUsernameMailSession" duration-ms="10" started-at="2011-01-02T17:55:44Z" finished-at="2011-01-02T17:55:44Z">
        </test-method>
        <test-method status="PASS" signature="testSslMailSession()" name="testSslMailSession" duration-ms="3" started-at="2011-01-02T17:55:44Z" finished-at="2011-01-02T17:55:44Z">
        </test-method>
      </class>
      <class name="org.jboss.seam.test.mail.unit.HeaderTest">
        <test-method status="PASS" signature="testHeaderWithFolding2()" name="testHeaderWithFolding2" duration-ms="0" started-at="2011-01-02T17:55:44Z" finished-at="2011-01-02T17:55:44Z">
        </test-method>
        <test-method status="PASS" signature="testHeaderWithCarrigeReturnLineBreak()" name="testHeaderWithCarrigeReturnLineBreak" duration-ms="0" started-at="2011-01-02T17:55:44Z" finished-at="2011-01-02T17:55:44Z">
        </test-method>
        <test-method status="PASS" signature="testHeader()" name="testHeader" duration-ms="0" started-at="2011-01-02T17:55:44Z" finished-at="2011-01-02T17:55:44Z">
        </test-method>
        <test-method status="PASS" signature="testHeaderWithFolding1()" name="testHeaderWithFolding1" duration-ms="0" started-at="2011-01-02T17:55:44Z" finished-at="2011-01-02T17:55:44Z">
        </test-method>
        <test-method status="PASS" signature="testHeaderWithLineFeed()" name="testHeaderWithLineFeed" duration-ms="1" started-at="2011-01-02T17:55:44Z" finished-at="2011-01-02T17:55:44Z">
        </test-method>
        <test-method status="PASS" signature="testHeaderWithFolding3()" name="testHeaderWithFolding3" duration-ms="0" started-at="2011-01-02T17:55:44Z" finished-at="2011-01-02T17:55:44Z">
        </test-method>
        <test-method status="PASS" signature="testHeaderWithCarriageReturn()" name="testHeaderWithCarriageReturn" duration-ms="16" started-at="2011-01-02T17:55:44Z" finished-at="2011-01-02T17:55:44Z">
        </test-method>
      </class>
    </test>
  </suite>
</testng-results>
