<?xml version="1.0" encoding="UTF-8"?>
<testsuite name="Command line test" failures="0" tests="8" time="0.019" errors="0">
  <properties/>
  <testcase name="testGetAsObject" time="0.0040" classname="org.jboss.seam.ui.test.AtomicBooleanConverterTest"/>
  <testcase name="testGetAsString" time="0.0" classname="org.jboss.seam.ui.test.AtomicBooleanConverterTest"/>
  <testcase name="testGetAsString" time="0.0" classname="org.jboss.seam.ui.test.AtomicIntegerConverterTest"/>
  <testcase name="testGetAsObject" time="0.0" classname="org.jboss.seam.ui.test.AtomicIntegerConverterTest"/>
  <testcase name="testGetAsString" time="0.0010" classname="org.jboss.seam.ui.test.AtomicLongConverterTest"/>
  <testcase name="testGetAsObject" time="0.0010" classname="org.jboss.seam.ui.test.AtomicLongConverterTest"/>
  <testcase name="testBaseUrlAlreadyHasParams" time="0.0010" classname="org.jboss.seam.ui.test.UrlBuilderTest"/>
  <testcase name="testParameterOrdering" time="0.0" classname="org.jboss.seam.ui.test.UrlBuilderTest"/>
</testsuite>
