<?xml version="1.0" encoding="UTF-8"?>
<testsuite hostname="kraken" name="org.jboss.seam.test.unit.InterpolatorTest" tests="7" failures="0" timestamp="30 Dec 2010 22:42:11 GMT" time="0.036" errors="0">
  <testcase name="testInterpolation" time="0.0030" classname="org.jboss.seam.test.unit.InterpolatorTest"/>
  <testcase name="testModifiedETagLastModified" time="0.0040" classname="org.jboss.seam.test.unit.web.ConditionalRequestTest"/>
  <testcase name="testModifiedOnlyETag" time="0.0010" classname="org.jboss.seam.test.unit.web.ConditionalRequestTest"/>
  <testcase name="testModifiedOnlyLastModified" time="0.0010" classname="org.jboss.seam.test.unit.web.ConditionalRequestTest"/>
  <testcase name="testNotModifiedETagLastModified" time="0.0010" classname="org.jboss.seam.test.unit.web.ConditionalRequestTest"/>
  <testcase name="testNotModifiedOnlyETag" time="0.0010" classname="org.jboss.seam.test.unit.web.ConditionalRequestTest"/>
  <testcase name="testNotModifiedOnlyLastModified" time="0.0010" classname="org.jboss.seam.test.unit.web.ConditionalRequestTest"/>
</testsuite>
