<?xml version="1.0" encoding="UTF-8"?>
<testsuite hostname="kraken" name="org.jboss.seam.test.unit.web.IdentityRequestWrapperTest" tests="3" failures="0" timestamp="30 Dec 2010 22:42:11 GMT" time="0.018" errors="0">
  <testcase name="testWithSeamSecurityDisabled" time="0.0020" classname="org.jboss.seam.test.unit.web.IdentityRequestWrapperTest"/>
  <testcase name="testWithSeamSecurityEnabled" time="0.0010" classname="org.jboss.seam.test.unit.web.IdentityRequestWrapperTest"/>
  <testcase name="testMultipartRequest" time="0.0060" classname="org.jboss.seam.test.unit.web.MultipartRequestTest"/>
</testsuite>
