<?xml version="1.0" encoding="UTF-8"?>
<testsuite hostname="kraken" name="org.jboss.seam.test.unit.HomeTest" tests="4" failures="0" timestamp="30 Dec 2010 22:42:11 GMT" time="0.021" errors="0">
  <testcase name="testCreateInstance" time="0.0" classname="org.jboss.seam.test.unit.HomeTest"/>
  <testcase name="testGetEntityClassOverride" time="0.0010" classname="org.jboss.seam.test.unit.HomeTest"/>
  <testcase name="testReadEntityClassFromTypeParameter" time="0.0020" classname="org.jboss.seam.test.unit.HomeTest"/>
  <testcase name="testCountQuery" time="0.0040" classname="org.jboss.seam.test.unit.QueryTest"/>
</testsuite>
