<?xml version="1.0" encoding="UTF-8"?>
<testsuite name="Command line test" failures="0" tests="93" time="2.599" errors="0">
  <properties/>
  <testcase name="testComponent" time="0.014" classname="org.jboss.seam.test.unit.ComponentTest"/>
  <testcase name="testStaticMethods" time="0.0010" classname="org.jboss.seam.test.unit.ComponentTest"/>
  <testcase name="testContextManagement" time="0.045" classname="org.jboss.seam.test.unit.ContextTest"/>
  <testcase name="testContexts" time="0.0050" classname="org.jboss.seam.test.unit.ContextTest"/>
  <testcase name="testOverride2" time="0.0030" classname="org.jboss.seam.test.unit.DependencyTest"/>
  <testcase name="testClassDependency" time="0.0" classname="org.jboss.seam.test.unit.DependencyTest"/>
  <testcase name="testNoDependencies" time="0.0010" classname="org.jboss.seam.test.unit.DependencyTest"/>
  <testcase name="testNoComponents" time="0.0" classname="org.jboss.seam.test.unit.DependencyTest"/>
  <testcase name="testCircularDependency" time="0.0" classname="org.jboss.seam.test.unit.DependencyTest"/>
  <testcase name="testDependency" time="0.0" classname="org.jboss.seam.test.unit.DependencyTest"/>
  <testcase name="testComponentByClassDependency" time="0.0" classname="org.jboss.seam.test.unit.DependencyTest"/>
  <testcase name="testUnmetDueToOverride" time="0.0010" classname="org.jboss.seam.test.unit.DependencyTest"/>
  <testcase name="testOverride" time="0.0" classname="org.jboss.seam.test.unit.DependencyTest"/>
  <testcase name="testNotInstalled" time="0.0010" classname="org.jboss.seam.test.unit.DependencyTest"/>
  <testcase name="testExpressionResolvedInFacesELContext" time="0.045" classname="org.jboss.seam.test.unit.ExpressionsTest"/>
  <testcase name="testGetEntityClassOverride" time="0.0030" classname="org.jboss.seam.test.unit.HomeTest"/>
  <testcase name="testReadEntityClassFromTypeParameter" time="0.0040" classname="org.jboss.seam.test.unit.HomeTest"/>
  <testcase name="testCreateInstance" time="0.0" classname="org.jboss.seam.test.unit.HomeTest"/>
  <testcase name="testInitialization" time="0.453" classname="org.jboss.seam.test.unit.InitializationTest"/>
  <testcase name="testEntityHomeConfiguration" time="0.334" classname="org.jboss.seam.test.unit.InitializationTest"/>
  <testcase name="testEnumPropertyAssignment" time="0.259" classname="org.jboss.seam.test.unit.InitializationTest"/>
  <testcase name="testConversationInterceptor" time="0.015" classname="org.jboss.seam.test.unit.InterceptorTest"/>
  <testcase name="testCyclicDependencyThowsException" time="0.0080" classname="org.jboss.seam.test.unit.InterceptorTest"/>
  <testcase name="testValidationInterceptor" time="0.018" classname="org.jboss.seam.test.unit.InterceptorTest"/>
  <testcase name="testConversationalInterceptor" time="0.0060" classname="org.jboss.seam.test.unit.InterceptorTest"/>
  <testcase name="testReentrantBijection" time="0.01" classname="org.jboss.seam.test.unit.InterceptorTest"/>
  <testcase name="testRemoveInterceptor" time="0.0060" classname="org.jboss.seam.test.unit.InterceptorTest"/>
  <testcase name="testBijectionInterceptor" time="0.013" classname="org.jboss.seam.test.unit.InterceptorTest"/>
  <testcase name="testInterpolation" time="0.0080" classname="org.jboss.seam.test.unit.InterpolatorTest"/>
  <testcase name="testMeldwareUser" time="0.0" classname="org.jboss.seam.test.unit.MailTest"/>
  <testcase name="testAuthenticatedMailSession" time="0.0080" classname="org.jboss.seam.test.unit.MailTest"/>
  <testcase name="testMailSession" time="0.018" classname="org.jboss.seam.test.unit.MailTest"/>
  <testcase name="testBasicSslMailSession" time="0.0030" classname="org.jboss.seam.test.unit.MailTest"/>
  <testcase name="testBasicMailSession" time="0.0020" classname="org.jboss.seam.test.unit.MailTest"/>
  <testcase name="testJndiMailSession" time="0.0030" classname="org.jboss.seam.test.unit.MailTest"/>
  <testcase name="testMissingUsernameMailSession" time="0.0020" classname="org.jboss.seam.test.unit.MailTest"/>
  <testcase name="testAdminMeldwareUser" time="0.0" classname="org.jboss.seam.test.unit.MailTest"/>
  <testcase name="testAuthenticatedSslMailSession" time="0.0020" classname="org.jboss.seam.test.unit.MailTest"/>
  <testcase name="testMissingPasswordMailSession" time="0.0020" classname="org.jboss.seam.test.unit.MailTest"/>
  <testcase name="testSslMailSession" time="0.0030" classname="org.jboss.seam.test.unit.MailTest"/>
  <testcase name="testShortCircuitOnNonNullOutcome" time="0.0080" classname="org.jboss.seam.test.unit.PageActionsTest"/>
  <testcase name="testShortCircuitOnNonNullOutcomeToSamePage" time="0.0010" classname="org.jboss.seam.test.unit.PageActionsTest"/>
  <testcase name="testShortCircuitOnNonNullOutcomeWithRedirect" time="0.0010" classname="org.jboss.seam.test.unit.PageActionsTest"/>
  <testcase name="testShortCircuitOnNullOutcome" time="0.0010" classname="org.jboss.seam.test.unit.PageActionsTest"/>
  <testcase name="testShortCircuitInMiddle" time="0.0010" classname="org.jboss.seam.test.unit.PageActionsTest"/>
  <testcase name="testPostbackConditionOnPageAction" time="0.0010" classname="org.jboss.seam.test.unit.PageActionsTest"/>
  <testcase name="testBeginAndEndRootConversation" time="0.0" classname="org.jboss.seam.test.unit.PageConversationControlTest"/>
  <testcase name="testBeginNestedAndEndRootConversation" time="0.0010" classname="org.jboss.seam.test.unit.PageConversationControlTest"/>
  <testcase name="testBeginNestedAndEndConversation" time="0.0010" classname="org.jboss.seam.test.unit.PageConversationControlTest"/>
  <testcase name="testHasDescription" time="0.0" classname="org.jboss.seam.test.unit.PageDescriptorTest"/>
  <testcase name="testSwitchEnabledFlag" time="0.0" classname="org.jboss.seam.test.unit.PageDescriptorTest"/>
  <testcase name="testGetAndResolveDescription" time="0.0010" classname="org.jboss.seam.test.unit.PageDescriptorTest"/>
  <testcase name="testGetCallActionEscaped" time="0.0050" classname="org.jboss.seam.test.unit.PageParamTest"/>
  <testcase name="testGetCallAction" time="0.0" classname="org.jboss.seam.test.unit.PageParamTest"/>
  <testcase name="testDateConverter" time="0.0050" classname="org.jboss.seam.test.unit.PageParamTest"/>
  <testcase name="testValidateModelDisabled" time="0.0010" classname="org.jboss.seam.test.unit.PageParamTest"/>
  <testcase name="testGetConverterById" time="0.0" classname="org.jboss.seam.test.unit.PageParamTest"/>
  <testcase name="testConverterIsNullForNonFacesValueExpression" time="0.0" classname="org.jboss.seam.test.unit.PageParamTest"/>
  <testcase name="testValidateModelWithInvalidValue" time="0.044" classname="org.jboss.seam.test.unit.PageParamTest"/>
  <testcase name="testGetValidatorById" time="0.0010" classname="org.jboss.seam.test.unit.PageParamTest"/>
  <testcase name="testValidateModelWithValidValue" time="0.0010" classname="org.jboss.seam.test.unit.PageParamTest"/>
  <testcase name="testOne" time="0.324" classname="org.jboss.seam.test.unit.PageflowConfigurationTest"/>
  <testcase name="testPageflowWithStartPage" time="0.049" classname="org.jboss.seam.test.unit.PageflowTest"/>
  <testcase name="testPageflowWithStartState" time="0.045" classname="org.jboss.seam.test.unit.PageflowTest"/>
  <testcase name="testOrderPageflow" time="0.06" classname="org.jboss.seam.test.unit.PageflowTest"/>
  <testcase name="testPageflowWithStartPageAttribute" time="0.063" classname="org.jboss.seam.test.unit.PageflowTest"/>
  <testcase name="testMd5Hash" time="0.0090" classname="org.jboss.seam.test.unit.PasswordHashTest"/>
  <testcase name="testShaHash" time="0.0010" classname="org.jboss.seam.test.unit.PasswordHashTest"/>
  <testcase name="testSeamPhaseListenerNewLongRunning" time="0.015" classname="org.jboss.seam.test.unit.PhaseListenerTest"/>
  <testcase name="testSeamPhaseListenerRedirect" time="0.0030" classname="org.jboss.seam.test.unit.PhaseListenerTest"/>
  <testcase name="testSeamPhaseListenerNonFacesRequest" time="0.0030" classname="org.jboss.seam.test.unit.PhaseListenerTest"/>
  <testcase name="testSeamPhaseListener" time="0.0040" classname="org.jboss.seam.test.unit.PhaseListenerTest"/>
  <testcase name="testSeamPhaseListenerLongRunning" time="0.0040" classname="org.jboss.seam.test.unit.PhaseListenerTest"/>
  <testcase name="testCountQuery" time="0.0030" classname="org.jboss.seam.test.unit.QueryTest"/>
  <testcase name="testActorDirtyChecking" time="0.0010" classname="org.jboss.seam.test.unit.bpm.ActorTest"/>
  <testcase name="testGetPageflowDefinitionFromXml" time="0.073" classname="org.jboss.seam.test.unit.bpm.JbpmTest"/>
  <testcase name="testGetProcessDefinitionFromXml" time="0.069" classname="org.jboss.seam.test.unit.bpm.JbpmTest"/>
  <testcase name="emptyPooledTaskListIfNoGroupActorIds" time="0.0080" classname="org.jboss.seam.test.unit.bpm.TaskListTest"/>
  <testcase name="testModifiedOnlyETag" time="0.0040" classname="org.jboss.seam.test.unit.web.ConditionalRequestTest"/>
  <testcase name="testNotModifiedOnlyETag" time="0.0010" classname="org.jboss.seam.test.unit.web.ConditionalRequestTest"/>
  <testcase name="testNotModifiedETagLastModified" time="0.0" classname="org.jboss.seam.test.unit.web.ConditionalRequestTest"/>
  <testcase name="testModifiedOnlyLastModified" time="0.0" classname="org.jboss.seam.test.unit.web.ConditionalRequestTest"/>
  <testcase name="testModifiedETagLastModified" time="0.0020" classname="org.jboss.seam.test.unit.web.ConditionalRequestTest"/>
  <testcase name="testNotModifiedOnlyLastModified" time="0.0010" classname="org.jboss.seam.test.unit.web.ConditionalRequestTest"/>
  <testcase name="testWithSeamSecurityEnabled" time="0.0020" classname="org.jboss.seam.test.unit.web.IdentityRequestWrapperTest"/>
  <testcase name="testWithSeamSecurityDisabled" time="0.0" classname="org.jboss.seam.test.unit.web.IdentityRequestWrapperTest"/>
  <testcase name="testMultipartRequest" time="0.0040" classname="org.jboss.seam.test.unit.web.MultipartRequestTest"/>
  <testcase name="testBasicInPattern" time="0.0010" classname="org.jboss.seam.test.unit.web.RewriteTest"/>
  <testcase name="testBasicOutPattern" time="0.0010" classname="org.jboss.seam.test.unit.web.RewriteTest"/>
  <testcase name="testSingleArgOutPattern" time="0.0" classname="org.jboss.seam.test.unit.web.RewriteTest"/>
  <testcase name="testMultiArgInPattern" time="0.0010" classname="org.jboss.seam.test.unit.web.RewriteTest"/>
  <testcase name="testSingleArgInPattern" time="0.0" classname="org.jboss.seam.test.unit.web.RewriteTest"/>
  <testcase name="testMultiArgOutPattern" time="0.0" classname="org.jboss.seam.test.unit.web.RewriteTest"/>
</testsuite>
