<?xml version="1.0" encoding="UTF-8" ?>
<testsuite failures="0" time="4.219" errors="0" skipped="0" tests="93" name="TestSuite">
  <properties>
[...]
</properties>
  <testcase time="0.015" classname="org.jboss.seam.test.unit.ComponentTest" name="testComponent"/>
  <testcase time="0.001" classname="org.jboss.seam.test.unit.ComponentTest" name="testStaticMethods"/>
  <testcase time="0.045" classname="org.jboss.seam.test.unit.ContextTest" name="testContextManagement"/>
  <testcase time="0.005" classname="org.jboss.seam.test.unit.ContextTest" name="testContexts"/>
  <testcase time="0.003" classname="org.jboss.seam.test.unit.DependencyTest" name="testOverride2"/>
  <testcase time="0" classname="org.jboss.seam.test.unit.DependencyTest" name="testClassDependency"/>
  <testcase time="0" classname="org.jboss.seam.test.unit.DependencyTest" name="testNoDependencies"/>
  <testcase time="0" classname="org.jboss.seam.test.unit.DependencyTest" name="testNoComponents"/>
  <testcase time="0" classname="org.jboss.seam.test.unit.DependencyTest" name="testCircularDependency"/>
  <testcase time="0" classname="org.jboss.seam.test.unit.DependencyTest" name="testDependency"/>
  <testcase time="0" classname="org.jboss.seam.test.unit.DependencyTest" name="testComponentByClassDependency"/>
  <testcase time="0.001" classname="org.jboss.seam.test.unit.DependencyTest" name="testUnmetDueToOverride"/>
  <testcase time="0" classname="org.jboss.seam.test.unit.DependencyTest" name="testOverride"/>
  <testcase time="0.001" classname="org.jboss.seam.test.unit.DependencyTest" name="testNotInstalled"/>
  <testcase time="0.045" classname="org.jboss.seam.test.unit.ExpressionsTest" name="testExpressionResolvedInFacesELContext"/>
  <testcase time="0.003" classname="org.jboss.seam.test.unit.HomeTest" name="testGetEntityClassOverride"/>
  <testcase time="0.004" classname="org.jboss.seam.test.unit.HomeTest" name="testReadEntityClassFromTypeParameter"/>
  <testcase time="0" classname="org.jboss.seam.test.unit.HomeTest" name="testCreateInstance"/>
  <testcase time="0.454" classname="org.jboss.seam.test.unit.InitializationTest" name="testInitialization"/>
  <testcase time="0.334" classname="org.jboss.seam.test.unit.InitializationTest" name="testEntityHomeConfiguration"/>
  <testcase time="0.258" classname="org.jboss.seam.test.unit.InitializationTest" name="testEnumPropertyAssignment"/>
  <testcase time="0.015" classname="org.jboss.seam.test.unit.InterceptorTest" name="testConversationInterceptor"/>
  <testcase time="0.008" classname="org.jboss.seam.test.unit.InterceptorTest" name="testCyclicDependencyThowsException"/>
  <testcase time="0.018" classname="org.jboss.seam.test.unit.InterceptorTest" name="testValidationInterceptor"/>
  <testcase time="0.006" classname="org.jboss.seam.test.unit.InterceptorTest" name="testConversationalInterceptor"/>
  <testcase time="0.01" classname="org.jboss.seam.test.unit.InterceptorTest" name="testReentrantBijection"/>
  <testcase time="0.006" classname="org.jboss.seam.test.unit.InterceptorTest" name="testRemoveInterceptor"/>
  <testcase time="0.013" classname="org.jboss.seam.test.unit.InterceptorTest" name="testBijectionInterceptor"/>
  <testcase time="0.009" classname="org.jboss.seam.test.unit.InterpolatorTest" name="testInterpolation"/>
  <testcase time="0" classname="org.jboss.seam.test.unit.MailTest" name="testMeldwareUser"/>
  <testcase time="0.008" classname="org.jboss.seam.test.unit.MailTest" name="testAuthenticatedMailSession"/>
  <testcase time="0.018" classname="org.jboss.seam.test.unit.MailTest" name="testMailSession"/>
  <testcase time="0.002" classname="org.jboss.seam.test.unit.MailTest" name="testBasicSslMailSession"/>
  <testcase time="0.002" classname="org.jboss.seam.test.unit.MailTest" name="testBasicMailSession"/>
  <testcase time="0.003" classname="org.jboss.seam.test.unit.MailTest" name="testJndiMailSession"/>
  <testcase time="0.002" classname="org.jboss.seam.test.unit.MailTest" name="testMissingUsernameMailSession"/>
  <testcase time="0" classname="org.jboss.seam.test.unit.MailTest" name="testAdminMeldwareUser"/>
  <testcase time="0.003" classname="org.jboss.seam.test.unit.MailTest" name="testAuthenticatedSslMailSession"/>
  <testcase time="0.002" classname="org.jboss.seam.test.unit.MailTest" name="testMissingPasswordMailSession"/>
  <testcase time="0.003" classname="org.jboss.seam.test.unit.MailTest" name="testSslMailSession"/>
  <testcase time="0.007" classname="org.jboss.seam.test.unit.PageActionsTest" name="testShortCircuitOnNonNullOutcome"/>
  <testcase time="0.001" classname="org.jboss.seam.test.unit.PageActionsTest" name="testShortCircuitOnNonNullOutcomeToSamePage"/>
  <testcase time="0.001" classname="org.jboss.seam.test.unit.PageActionsTest" name="testShortCircuitOnNonNullOutcomeWithRedirect"/>
  <testcase time="0.001" classname="org.jboss.seam.test.unit.PageActionsTest" name="testShortCircuitOnNullOutcome"/>
  <testcase time="0.002" classname="org.jboss.seam.test.unit.PageActionsTest" name="testShortCircuitInMiddle"/>
  <testcase time="0.001" classname="org.jboss.seam.test.unit.PageActionsTest" name="testPostbackConditionOnPageAction"/>
  <testcase time="0.001" classname="org.jboss.seam.test.unit.PageConversationControlTest" name="testBeginAndEndRootConversation"/>
  <testcase time="0.001" classname="org.jboss.seam.test.unit.PageConversationControlTest" name="testBeginNestedAndEndRootConversation"/>
  <testcase time="0.001" classname="org.jboss.seam.test.unit.PageConversationControlTest" name="testBeginNestedAndEndConversation"/>
  <testcase time="0.001" classname="org.jboss.seam.test.unit.PageDescriptorTest" name="testHasDescription"/>
  <testcase time="0.001" classname="org.jboss.seam.test.unit.PageDescriptorTest" name="testSwitchEnabledFlag"/>
  <testcase time="0.001" classname="org.jboss.seam.test.unit.PageDescriptorTest" name="testGetAndResolveDescription"/>
  <testcase time="0.005" classname="org.jboss.seam.test.unit.PageParamTest" name="testGetCallActionEscaped"/>
  <testcase time="0" classname="org.jboss.seam.test.unit.PageParamTest" name="testGetCallAction"/>
  <testcase time="0.005" classname="org.jboss.seam.test.unit.PageParamTest" name="testDateConverter"/>
  <testcase time="0" classname="org.jboss.seam.test.unit.PageParamTest" name="testValidateModelDisabled"/>
  <testcase time="0" classname="org.jboss.seam.test.unit.PageParamTest" name="testGetConverterById"/>
  <testcase time="0" classname="org.jboss.seam.test.unit.PageParamTest" name="testConverterIsNullForNonFacesValueExpression"/>
  <testcase time="0.044" classname="org.jboss.seam.test.unit.PageParamTest" name="testValidateModelWithInvalidValue"/>
  <testcase time="0.001" classname="org.jboss.seam.test.unit.PageParamTest" name="testGetValidatorById"/>
  <testcase time="0.002" classname="org.jboss.seam.test.unit.PageParamTest" name="testValidateModelWithValidValue"/>
  <testcase time="0.324" classname="org.jboss.seam.test.unit.PageflowConfigurationTest" name="testOne"/>
  <testcase time="0.049" classname="org.jboss.seam.test.unit.PageflowTest" name="testPageflowWithStartPage"/>
  <testcase time="0.045" classname="org.jboss.seam.test.unit.PageflowTest" name="testPageflowWithStartState"/>
  <testcase time="0.06" classname="org.jboss.seam.test.unit.PageflowTest" name="testOrderPageflow"/>
  <testcase time="0.063" classname="org.jboss.seam.test.unit.PageflowTest" name="testPageflowWithStartPageAttribute"/>
  <testcase time="0.009" classname="org.jboss.seam.test.unit.PasswordHashTest" name="testMd5Hash"/>
  <testcase time="0.001" classname="org.jboss.seam.test.unit.PasswordHashTest" name="testShaHash"/>
  <testcase time="0.015" classname="org.jboss.seam.test.unit.PhaseListenerTest" name="testSeamPhaseListenerNewLongRunning"/>
  <testcase time="0.003" classname="org.jboss.seam.test.unit.PhaseListenerTest" name="testSeamPhaseListenerRedirect"/>
  <testcase time="0.003" classname="org.jboss.seam.test.unit.PhaseListenerTest" name="testSeamPhaseListenerNonFacesRequest"/>
  <testcase time="0.004" classname="org.jboss.seam.test.unit.PhaseListenerTest" name="testSeamPhaseListener"/>
  <testcase time="0.004" classname="org.jboss.seam.test.unit.PhaseListenerTest" name="testSeamPhaseListenerLongRunning"/>
  <testcase time="0.003" classname="org.jboss.seam.test.unit.QueryTest" name="testCountQuery"/>
  <testcase time="0.001" classname="org.jboss.seam.test.unit.bpm.ActorTest" name="testActorDirtyChecking"/>
  <testcase time="0.073" classname="org.jboss.seam.test.unit.bpm.JbpmTest" name="testGetPageflowDefinitionFromXml"/>
  <testcase time="0.069" classname="org.jboss.seam.test.unit.bpm.JbpmTest" name="testGetProcessDefinitionFromXml"/>
  <testcase time="0.009" classname="org.jboss.seam.test.unit.bpm.TaskListTest" name="emptyPooledTaskListIfNoGroupActorIds"/>
  <testcase time="0.004" classname="org.jboss.seam.test.unit.web.ConditionalRequestTest" name="testModifiedOnlyETag"/>
  <testcase time="0.001" classname="org.jboss.seam.test.unit.web.ConditionalRequestTest" name="testNotModifiedOnlyETag"/>
  <testcase time="0" classname="org.jboss.seam.test.unit.web.ConditionalRequestTest" name="testNotModifiedETagLastModified"/>
  <testcase time="0" classname="org.jboss.seam.test.unit.web.ConditionalRequestTest" name="testModifiedOnlyLastModified"/>
  <testcase time="0.002" classname="org.jboss.seam.test.unit.web.ConditionalRequestTest" name="testModifiedETagLastModified"/>
  <testcase time="0.001" classname="org.jboss.seam.test.unit.web.ConditionalRequestTest" name="testNotModifiedOnlyLastModified"/>
  <testcase time="0.002" classname="org.jboss.seam.test.unit.web.IdentityRequestWrapperTest" name="testWithSeamSecurityEnabled"/>
  <testcase time="0" classname="org.jboss.seam.test.unit.web.IdentityRequestWrapperTest" name="testWithSeamSecurityDisabled"/>
  <testcase time="0.004" classname="org.jboss.seam.test.unit.web.MultipartRequestTest" name="testMultipartRequest"/>
  <testcase time="0.001" classname="org.jboss.seam.test.unit.web.RewriteTest" name="testBasicInPattern"/>
  <testcase time="0.001" classname="org.jboss.seam.test.unit.web.RewriteTest" name="testBasicOutPattern"/>
  <testcase time="0" classname="org.jboss.seam.test.unit.web.RewriteTest" name="testSingleArgOutPattern"/>
  <testcase time="0" classname="org.jboss.seam.test.unit.web.RewriteTest" name="testMultiArgInPattern"/>
  <testcase time="0" classname="org.jboss.seam.test.unit.web.RewriteTest" name="testSingleArgInPattern"/>
  <testcase time="0" classname="org.jboss.seam.test.unit.web.RewriteTest" name="testMultiArgOutPattern"/>
</testsuite>