<?xml version="1.0" encoding="UTF-8" ?>
<testsuite failures="0" time="0.325" errors="0" skipped="0" tests="18" name="TestSuite">
  <properties>
[...]
</properties>
  <testcase time="0.011" classname="org.jboss.seam.test.mail.unit.HeaderTest" name="testHeaderWithCarriageReturn"/>
  <testcase time="0" classname="org.jboss.seam.test.mail.unit.HeaderTest" name="testHeaderWithLineFeed"/>
  <testcase time="0" classname="org.jboss.seam.test.mail.unit.HeaderTest" name="testHeader"/>
  <testcase time="0.001" classname="org.jboss.seam.test.mail.unit.HeaderTest" name="testHeaderWithCarrigeReturnLineBreak"/>
  <testcase time="0" classname="org.jboss.seam.test.mail.unit.HeaderTest" name="testHeaderWithFolding2"/>
  <testcase time="0" classname="org.jboss.seam.test.mail.unit.HeaderTest" name="testHeaderWithFolding3"/>
  <testcase time="0" classname="org.jboss.seam.test.mail.unit.HeaderTest" name="testHeaderWithFolding1"/>
  <testcase time="0.002" classname="org.jboss.seam.test.unit.MailTest" name="testAdminMeldwareUser"/>
  <testcase time="0.014" classname="org.jboss.seam.test.unit.MailTest" name="testAuthenticatedSslMailSession"/>
  <testcase time="0" classname="org.jboss.seam.test.unit.MailTest" name="testMeldwareUser"/>
  <testcase time="0.015" classname="org.jboss.seam.test.unit.MailTest" name="testMailSession"/>
  <testcase time="0.043" classname="org.jboss.seam.test.unit.MailTest" name="testMissingUsernameMailSession"/>
  <testcase time="0.004" classname="org.jboss.seam.test.unit.MailTest" name="testBasicSslMailSession"/>
  <testcase time="0.006" classname="org.jboss.seam.test.unit.MailTest" name="testMissingPasswordMailSession"/>
  <testcase time="0.002" classname="org.jboss.seam.test.unit.MailTest" name="testSslMailSession"/>
  <testcase time="0.002" classname="org.jboss.seam.test.unit.MailTest" name="testAuthenticatedMailSession"/>
  <testcase time="0.002" classname="org.jboss.seam.test.unit.MailTest" name="testBasicMailSession"/>
  <testcase time="0.001" classname="org.jboss.seam.test.unit.MailTest" name="testJndiMailSession"/>
</testsuite>